<?xml version="1.0" encoding="UTF-8"?>
<testng-results ignored="0" total="1" passed="1" failed="0" skipped="0">
  <reporter-output>
  </reporter-output>
  <suite started-at="2025-10-28T21:34:13 IST" name="Default suite" finished-at="2025-10-28T21:34:19 IST" duration-ms="6066">
    <groups>
    </groups>
    <test started-at="2025-10-28T21:34:13 IST" name="Default test" finished-at="2025-10-28T21:34:19 IST" duration-ms="6066">
      <class name="day1.HttpRequests">
        <test-method signature="getUsers()[pri:0, instance:day1.HttpRequests@5c6648b0]" started-at="2025-10-28T21:34:13 IST" name="getUsers" finished-at="2025-10-28T21:34:19 IST" duration-ms="5902" status="PASS">
          <reporter-output>
          </reporter-output>
        </test-method> <!-- getUsers -->
      </class> <!-- day1.HttpRequests -->
    </test> <!-- Default test -->
  </suite> <!-- Default suite -->
</testng-results>
