<?xml version="1.0" encoding="UTF-8"?>
<!-- Generated by org.testng.reporters.JUnitXMLReporter -->
<testsuite ignored="17" hostname="DESKTOP-BSCQ4A7" failures="0" tests="2" name="Test" time="0.514" errors="0" timestamp="2025-09-05T19:42:11 IST">
  <testcase classname="TestNG7" name="a" time="0.299"/>
  <testcase classname="TestNG7" name="b" time="0.007"/>
  <testcase classname="TestNG4" name="c" time="0.0">
    <ignored/>
  </testcase> <!-- c -->
  <testcase classname="TestNG6" name="a" time="0.0">
    <ignored/>
  </testcase> <!-- a -->
  <testcase classname="TESTNG2" name="shammi" time="0.0">
    <ignored/>
  </testcase> <!-- shammi -->
  <testcase classname="TestNG4" name="e" time="0.0">
    <ignored/>
  </testcase> <!-- e -->
  <testcase classname="TestNG4" name="b" time="0.0">
    <ignored/>
  </testcase> <!-- b -->
  <testcase classname="TestNG7" name="d" time="0.0">
    <ignored/>
  </testcase> <!-- d -->
  <testcase classname="TestNG6" name="z" time="0.0">
    <ignored/>
  </testcase> <!-- z -->
  <testcase classname="TestNG5" name="a" time="0.0">
    <ignored/>
  </testcase> <!-- a -->
  <testcase classname="TESTNG2" name="tummy" time="0.0">
    <ignored/>
  </testcase> <!-- tummy -->
  <testcase classname="TestNG5" name="c" time="0.0">
    <ignored/>
  </testcase> <!-- c -->
  <testcase classname="TestNG5" name="b" time="0.0">
    <ignored/>
  </testcase> <!-- b -->
  <testcase classname="TESTNG2" name="mummy" time="0.0">
    <ignored/>
  </testcase> <!-- mummy -->
  <testcase classname="TestNG7" name="c" time="0.0">
    <ignored/>
  </testcase> <!-- c -->
  <testcase classname="TestNG6" name="b" time="0.0">
    <ignored/>
  </testcase> <!-- b -->
  <testcase classname="TESTNG2" name="pummy" time="0.0">
    <ignored/>
  </testcase> <!-- pummy -->
  <testcase classname="TestNG4" name="d" time="0.0">
    <ignored/>
  </testcase> <!-- d -->
  <testcase classname="TestNG4" name="f" time="0.0">
    <ignored/>
  </testcase> <!-- f -->
</testsuite> <!-- Test -->
