<?xml version="1.0" encoding="UTF-8"?>
<testng-results ignored="0" total="1" passed="1" failed="0" skipped="0">
  <reporter-output>
  </reporter-output>
  <suite started-at="2025-09-18T23:05:23 IST" name="Default suite" finished-at="2025-09-18T23:05:27 IST" duration-ms="4098">
    <groups>
    </groups>
    <test started-at="2025-09-18T23:05:23 IST" name="Default test" finished-at="2025-09-18T23:05:27 IST" duration-ms="4098">
      <class name="com.facebook.tests.PageFactoryLoginTest">
        <test-method signature="loginTest()[pri:0, instance:com.facebook.tests.PageFactoryLoginTest@3b77a04f]" started-at="2025-09-18T23:05:24 IST" name="loginTest" finished-at="2025-09-18T23:05:27 IST" duration-ms="3728" status="PASS">
          <reporter-output>
          </reporter-output>
        </test-method> <!-- loginTest -->
        <test-method is-config="true" signature="closeApplication()[pri:0, instance:com.facebook.tests.PageFactoryLoginTest@3b77a04f]" started-at="2025-09-18T23:05:28 IST" name="closeApplication" finished-at="2025-09-18T23:05:29 IST" duration-ms="882" status="PASS">
          <reporter-output>
          </reporter-output>
        </test-method> <!-- closeApplication -->
      </class> <!-- com.facebook.tests.PageFactoryLoginTest -->
    </test> <!-- Default test -->
  </suite> <!-- Default suite -->
</testng-results>
