<?xml version="1.0" encoding="UTF-8"?>
<testng-results ignored="0" total="1" passed="1" failed="0" skipped="0">
  <reporter-output>
  </reporter-output>
  <suite started-at="2025-09-11T11:09:02Z" name="Surefire suite" finished-at="2025-09-11T11:09:20Z" duration-ms="17560">
    <groups>
    </groups>
    <test started-at="2025-09-11T11:09:02Z" name="Surefire test" finished-at="2025-09-11T11:09:20Z" duration-ms="17560">
      <class name="javapackage.Test1">
        <test-method signature="a()[pri:0, instance:javapackage.Test1@42f93a98]" started-at="2025-09-11T11:09:02Z" name="a" finished-at="2025-09-11T11:09:20Z" duration-ms="17501" status="PASS">
          <reporter-output>
          </reporter-output>
        </test-method> <!-- a -->
      </class> <!-- javapackage.Test1 -->
    </test> <!-- Surefire test -->
  </suite> <!-- Surefire suite -->
</testng-results>
