<?xml version="1.0" encoding="UTF-8"?>
<testng-results ignored="0" total="1" passed="1" failed="0" skipped="0">
  <reporter-output>
  </reporter-output>
  <suite started-at="2025-09-09T14:22:16Z" name="Default suite" finished-at="2025-09-09T14:22:24Z" duration-ms="7624">
    <groups>
    </groups>
    <test started-at="2025-09-09T14:22:16Z" name="Default test" finished-at="2025-09-09T14:22:24Z" duration-ms="7624">
      <class name="javapackage.Test1">
        <test-method signature="a()[pri:0, instance:javapackage.Test1@303cf2ba]" started-at="2025-09-09T14:22:16Z" name="a" finished-at="2025-09-09T14:22:24Z" duration-ms="7554" status="PASS">
          <reporter-output>
          </reporter-output>
        </test-method> <!-- a -->
      </class> <!-- javapackage.Test1 -->
    </test> <!-- Default test -->
  </suite> <!-- Default suite -->
</testng-results>
